C:\Program Files\Microsoft Visual Studio\2022\Community\MSBuild\Microsoft\VC\v170\Microsoft.CppBuild.targets(1101,5): warning MSB8027: два или более файлов с именем crew_members.cpp выводят результаты в одно и то же расположение. Это может стать причиной неверного результата сборки.  Включенные файлы — tests\crew_members.cpp, units\crew_members.cpp.
C:\Program Files\Microsoft Visual Studio\2022\Community\MSBuild\Microsoft\VC\v170\Microsoft.CppBuild.targets(1101,5): warning MSB8027: два или более файлов с именем passengers.cpp выводят результаты в одно и то же расположение. Это может стать причиной неверного результата сборки.  Включенные файлы — tests\passengers.cpp, units\passengers.cpp.
C:\Program Files\Microsoft Visual Studio\2022\Community\MSBuild\Microsoft\VC\v170\Microsoft.CppBuild.targets(1101,5): warning MSB8027: два или более файлов с именем plane.cpp выводят результаты в одно и то же расположение. Это может стать причиной неверного результата сборки.  Включенные файлы — tests\plane.cpp, units\plane.cpp.
x64\Debug\crew_members.obj : warning LNK4042: объект указан более одного раза; лишние не учитываются
x64\Debug\passengers.obj : warning LNK4042: объект указан более одного раза; лишние не учитываются
x64\Debug\plane.obj : warning LNK4042: объект указан более одного раза; лишние не учитываются
aircraft.obj : error LNK2019: ссылка на неразрешенный внешний символ "public: __cdecl Plane::Plane(int,int,int)" (??0Plane@@QEAA@HHH@Z) в функции main.
plane.obj : error LNK2001: неразрешенный внешний символ "public: __cdecl Plane::Plane(int,int,int)" (??0Plane@@QEAA@HHH@Z).
aircraft.obj : error LNK2019: ссылка на неразрешенный внешний символ "public: bool __cdecl Plane::addUnit(class std::shared_ptr<class Unit>)" (?addUnit@Plane@@QEAA_NV?$shared_ptr@VUnit@@@std@@@Z) в функции main.
plane.obj : error LNK2001: неразрешенный внешний символ "public: bool __cdecl Plane::addUnit(class std::shared_ptr<class Unit>)" (?addUnit@Plane@@QEAA_NV?$shared_ptr@VUnit@@@std@@@Z).
aircraft.obj : error LNK2019: ссылка на неразрешенный внешний символ "public: int __cdecl Plane::getTotalLuggageWeight(void)const " (?getTotalLuggageWeight@Plane@@QEBAHXZ) в функции main.
plane.obj : error LNK2001: неразрешенный внешний символ "public: int __cdecl Plane::getTotalLuggageWeight(void)const " (?getTotalLuggageWeight@Plane@@QEBAHXZ).
aircraft.obj : error LNK2019: ссылка на неразрешенный внешний символ "public: __cdecl Pilot::Pilot(int)" (??0Pilot@@QEAA@H@Z) в функции "void __cdecl std::_Construct_in_place<class Pilot,int>(class Pilot &,int &&)" (??$_Construct_in_place@VPilot@@H@std@@YAXAEAVPilot@@$$QEAH@Z).
crew_members.obj : error LNK2001: неразрешенный внешний символ "public: __cdecl Pilot::Pilot(int)" (??0Pilot@@QEAA@H@Z).
plane.obj : error LNK2001: неразрешенный внешний символ "public: __cdecl Pilot::Pilot(int)" (??0Pilot@@QEAA@H@Z).
aircraft.obj : error LNK2019: ссылка на неразрешенный внешний символ "public: __cdecl FlightAttendant::FlightAttendant(int)" (??0FlightAttendant@@QEAA@H@Z) в функции "void __cdecl std::_Construct_in_place<class FlightAttendant,int>(class FlightAttendant &,int &&)" (??$_Construct_in_place@VFlightAttendant@@H@std@@YAXAEAVFlightAttendant@@$$QEAH@Z).
crew_members.obj : error LNK2001: неразрешенный внешний символ "public: __cdecl FlightAttendant::FlightAttendant(int)" (??0FlightAttendant@@QEAA@H@Z).
plane.obj : error LNK2001: неразрешенный внешний символ "public: __cdecl FlightAttendant::FlightAttendant(int)" (??0FlightAttendant@@QEAA@H@Z).
aircraft.obj : error LNK2019: ссылка на неразрешенный внешний символ "public: __cdecl EconomyPassenger::EconomyPassenger(int,int,int)" (??0EconomyPassenger@@QEAA@HHH@Z) в функции "void __cdecl std::_Construct_in_place<class EconomyPassenger,int,int &,int &>(class EconomyPassenger &,int &&,int &,int &)" (??$_Construct_in_place@VEconomyPassenger@@HAEAHAEAH@std@@YAXAEAVEconomyPassenger@@$$QEAHAEAH2@Z).
passengers.obj : error LNK2001: неразрешенный внешний символ "public: __cdecl EconomyPassenger::EconomyPassenger(int,int,int)" (??0EconomyPassenger@@QEAA@HHH@Z).
plane.obj : error LNK2001: неразрешенный внешний символ "public: __cdecl EconomyPassenger::EconomyPassenger(int,int,int)" (??0EconomyPassenger@@QEAA@HHH@Z).
aircraft.obj : error LNK2019: ссылка на неразрешенный внешний символ "public: __cdecl BusinessPassenger::BusinessPassenger(int,int,int,int,int)" (??0BusinessPassenger@@QEAA@HHHHH@Z) в функции "void __cdecl std::_Construct_in_place<class BusinessPassenger,int,int &,int &,int &,int>(class BusinessPassenger &,int &&,int &,int &,int &,int &&)" (??$_Construct_in_place@VBusinessPassenger@@HAEAHAEAHAEAHH@std@@YAXAEAVBusinessPassenger@@$$QEAHAEAH221@Z).
passengers.obj : error LNK2001: неразрешенный внешний символ "public: __cdecl BusinessPassenger::BusinessPassenger(int,int,int,int,int)" (??0BusinessPassenger@@QEAA@HHHHH@Z).
plane.obj : error LNK2001: неразрешенный внешний символ "public: __cdecl BusinessPassenger::BusinessPassenger(int,int,int,int,int)" (??0BusinessPassenger@@QEAA@HHHHH@Z).
aircraft.obj : error LNK2019: ссылка на неразрешенный внешний символ "public: __cdecl FirstClassPassenger::FirstClassPassenger(int,int,int,int,int)" (??0FirstClassPassenger@@QEAA@HHHHH@Z) в функции "void __cdecl std::_Construct_in_place<class FirstClassPassenger,int,int &,int &,int &,int &>(class FirstClassPassenger &,int &&,int &,int &,int &,int &)" (??$_Construct_in_place@VFirstClassPassenger@@HAEAHAEAHAEAHAEAH@std@@YAXAEAVFirstClassPassenger@@$$QEAHAEAH222@Z).
passengers.obj : error LNK2001: неразрешенный внешний символ "public: __cdecl FirstClassPassenger::FirstClassPassenger(int,int,int,int,int)" (??0FirstClassPassenger@@QEAA@HHHHH@Z).
plane.obj : error LNK2001: неразрешенный внешний символ "public: __cdecl FirstClassPassenger::FirstClassPassenger(int,int,int,int,int)" (??0FirstClassPassenger@@QEAA@HHHHH@Z).
crew_members.obj : error LNK2019: ссылка на неразрешенный внешний символ "public: virtual int __cdecl Pilot::getHandLuggageWeight(void)const " (?getHandLuggageWeight@Pilot@@UEBAHXZ) в функции "void __cdecl runCrewMembersTests(void)" (?runCrewMembersTests@@YAXXZ).
crew_members.obj : error LNK2019: ссылка на неразрешенный внешний символ "public: virtual int __cdecl Pilot::getLuggageWeight(void)const " (?getLuggageWeight@Pilot@@UEBAHXZ) в функции "void __cdecl runCrewMembersTests(void)" (?runCrewMembersTests@@YAXXZ).
crew_members.obj : error LNK2019: ссылка на неразрешенный внешний символ "public: virtual int __cdecl FlightAttendant::getHandLuggageWeight(void)const " (?getHandLuggageWeight@FlightAttendant@@UEBAHXZ) в функции "void __cdecl runCrewMembersTests(void)" (?runCrewMembersTests@@YAXXZ).
crew_members.obj : error LNK2019: ссылка на неразрешенный внешний символ "public: virtual int __cdecl FlightAttendant::getLuggageWeight(void)const " (?getLuggageWeight@FlightAttendant@@UEBAHXZ) в функции "void __cdecl runCrewMembersTests(void)" (?runCrewMembersTests@@YAXXZ).
passengers.obj : error LNK2019: ссылка на неразрешенный внешний символ "public: virtual int __cdecl EconomyPassenger::getLuggageWeight(void)const " (?getLuggageWeight@EconomyPassenger@@UEBAHXZ) в функции "void __cdecl runPassengersTests(void)" (?runPassengersTests@@YAXXZ).
passengers.obj : error LNK2019: ссылка на неразрешенный внешний символ "public: virtual int __cdecl EconomyPassenger::getHandLuggageWeight(void)const " (?getHandLuggageWeight@EconomyPassenger@@UEBAHXZ) в функции "void __cdecl runPassengersTests(void)" (?runPassengersTests@@YAXXZ).
passengers.obj : error LNK2019: ссылка на неразрешенный внешний символ "public: virtual int __cdecl BusinessPassenger::getLuggageWeight(void)const " (?getLuggageWeight@BusinessPassenger@@UEBAHXZ) в функции "void __cdecl runPassengersTests(void)" (?runPassengersTests@@YAXXZ).
passengers.obj : error LNK2019: ссылка на неразрешенный внешний символ "public: virtual int __cdecl BusinessPassenger::getHandLuggageWeight(void)const " (?getHandLuggageWeight@BusinessPassenger@@UEBAHXZ) в функции "void __cdecl runPassengersTests(void)" (?runPassengersTests@@YAXXZ).
passengers.obj : error LNK2019: ссылка на неразрешенный внешний символ "public: virtual int __cdecl FirstClassPassenger::getLuggageWeight(void)const " (?getLuggageWeight@FirstClassPassenger@@UEBAHXZ) в функции "void __cdecl runPassengersTests(void)" (?runPassengersTests@@YAXXZ).
passengers.obj : error LNK2019: ссылка на неразрешенный внешний символ "public: virtual int __cdecl FirstClassPassenger::getHandLuggageWeight(void)const " (?getHandLuggageWeight@FirstClassPassenger@@UEBAHXZ) в функции "void __cdecl runPassengersTests(void)" (?runPassengersTests@@YAXXZ).
C:\Users\baben_bakg1j1\Programming\TechnoparkML\Semester2\advanced_algorithms\aircraft\x64\Debug\aircraft.exe : fatal error LNK1120: неразрешенных внешних элементов: 18
