c:\users\baben_bakg1j1\programming\technoparkml\semester2\advanced_algorithms\hw1_lru_cash\aircraft2\aircraft2\x64\debug\vc143.pdb
c:\users\baben_bakg1j1\programming\technoparkml\semester2\advanced_algorithms\hw1_lru_cash\aircraft2\aircraft2\x64\debug\vc143.idb
c:\users\baben_bakg1j1\programming\technoparkml\semester2\advanced_algorithms\aircraft2\aircraft2\x64\debug\vc143.pdb
c:\users\baben_bakg1j1\programming\technoparkml\semester2\advanced_algorithms\aircraft2\aircraft2\x64\debug\vc143.idb
c:\users\baben_bakg1j1\programming\technoparkml\semester2\advanced_algorithms\aircraft2\aircraft2\x64\debug\plane.obj
c:\users\baben_bakg1j1\programming\technoparkml\semester2\advanced_algorithms\aircraft2\aircraft2\x64\debug\passengers.obj
c:\users\baben_bakg1j1\programming\technoparkml\semester2\advanced_algorithms\aircraft2\aircraft2\x64\debug\crew_members.obj
c:\users\baben_bakg1j1\programming\technoparkml\semester2\advanced_algorithms\aircraft2\aircraft2\x64\debug\aircraft2.obj
c:\users\baben_bakg1j1\programming\technoparkml\semester2\advanced_algorithms\aircraft2\aircraft2\x64\debug\test_plane.obj
c:\users\baben_bakg1j1\programming\technoparkml\semester2\advanced_algorithms\aircraft2\aircraft2\x64\debug\test_passengers.obj
c:\users\baben_bakg1j1\programming\technoparkml\semester2\advanced_algorithms\aircraft2\aircraft2\x64\debug\test_crew_members.obj
c:\users\baben_bakg1j1\programming\technoparkml\semester2\advanced_algorithms\aircraft2\x64\debug\aircraft2.exe
c:\users\baben_bakg1j1\programming\technoparkml\semester2\advanced_algorithms\aircraft2\aircraft2\x64\debug\aircraft2.ilk
c:\users\baben_bakg1j1\programming\technoparkml\semester2\advanced_algorithms\aircraft2\x64\debug\aircraft2.pdb
c:\users\baben_bakg1j1\programming\technoparkml\semester2\advanced_algorithms\aircraft2\aircraft2\x64\debug\aircraft2.tlog\cl.command.1.tlog
c:\users\baben_bakg1j1\programming\technoparkml\semester2\advanced_algorithms\aircraft2\aircraft2\x64\debug\aircraft2.tlog\cl.read.1.tlog
c:\users\baben_bakg1j1\programming\technoparkml\semester2\advanced_algorithms\aircraft2\aircraft2\x64\debug\aircraft2.tlog\cl.write.1.tlog
c:\users\baben_bakg1j1\programming\technoparkml\semester2\advanced_algorithms\aircraft2\aircraft2\x64\debug\aircraft2.tlog\link.command.1.tlog
c:\users\baben_bakg1j1\programming\technoparkml\semester2\advanced_algorithms\aircraft2\aircraft2\x64\debug\aircraft2.tlog\link.read.1.tlog
c:\users\baben_bakg1j1\programming\technoparkml\semester2\advanced_algorithms\aircraft2\aircraft2\x64\debug\aircraft2.tlog\link.write.1.tlog
